mode: set
vaultConfigManager/pkg/manager/vault_secret_manager.go:53.32,55.21 2 1
vaultConfigManager/pkg/manager/vault_secret_manager.go:55.21,57.3 1 1
vaultConfigManager/pkg/manager/vault_secret_manager.go:59.2,60.16 2 1
vaultConfigManager/pkg/manager/vault_secret_manager.go:60.16,62.3 1 0
vaultConfigManager/pkg/manager/vault_secret_manager.go:64.2,64.39 1 1
vaultConfigManager/pkg/manager/vault_secret_manager.go:64.39,66.3 1 0
vaultConfigManager/pkg/manager/vault_secret_manager.go:68.2,68.43 1 1
vaultConfigManager/pkg/manager/vault_secret_manager.go:68.43,70.3 1 0
vaultConfigManager/pkg/manager/vault_secret_manager.go:72.2,84.8 3 1
vaultConfigManager/pkg/manager/vault_secret_manager.go:90.91,92.16 2 1
vaultConfigManager/pkg/manager/vault_secret_manager.go:92.16,95.3 2 0
vaultConfigManager/pkg/manager/vault_secret_manager.go:97.2,97.55 1 1
vaultConfigManager/pkg/manager/vault_secret_manager.go:97.55,100.3 2 0
vaultConfigManager/pkg/manager/vault_secret_manager.go:102.2,103.33 2 1
vaultConfigManager/pkg/manager/vault_secret_manager.go:103.33,106.3 2 0
vaultConfigManager/pkg/manager/vault_secret_manager.go:108.2,112.23 3 1
vaultConfigManager/pkg/manager/vault_secret_manager.go:116.96,122.2 4 1
vaultConfigManager/pkg/manager/vault_secret_manager.go:125.52,127.16 2 0
vaultConfigManager/pkg/manager/vault_secret_manager.go:127.16,130.3 2 0
vaultConfigManager/pkg/manager/vault_secret_manager.go:132.2,134.12 2 0
vaultConfigManager/pkg/manager/vault_secret_manager.go:138.51,140.16 2 1
vaultConfigManager/pkg/manager/vault_secret_manager.go:140.16,143.3 2 0
vaultConfigManager/pkg/manager/vault_secret_manager.go:145.2,147.12 2 1
vaultConfigManager/pkg/manager/vault_secret_manager.go:151.53,157.2 4 1
vaultConfigManager/pkg/manager/vault_secret_manager.go:164.72,173.27 6 1
vaultConfigManager/pkg/manager/vault_secret_manager.go:173.27,180.21 5 1
vaultConfigManager/pkg/manager/vault_secret_manager.go:180.21,183.12 3 0
vaultConfigManager/pkg/manager/vault_secret_manager.go:186.3,186.64 1 1
vaultConfigManager/pkg/manager/vault_secret_manager.go:186.64,188.12 2 1
vaultConfigManager/pkg/manager/vault_secret_manager.go:191.3,192.73 2 1
vaultConfigManager/pkg/manager/vault_secret_manager.go:192.73,195.29 2 1
vaultConfigManager/pkg/manager/vault_secret_manager.go:195.29,198.13 3 0
vaultConfigManager/pkg/manager/vault_secret_manager.go:201.4,203.60 3 1
vaultConfigManager/pkg/manager/vault_secret_manager.go:203.60,205.5 1 0
vaultConfigManager/pkg/manager/vault_secret_manager.go:207.4,209.54 2 1
vaultConfigManager/pkg/manager/vault_secret_manager.go:213.2,213.38 1 1
vaultConfigManager/pkg/manager/vault_secret_manager.go:217.69,219.16 2 1
vaultConfigManager/pkg/manager/vault_secret_manager.go:219.16,222.3 2 0
vaultConfigManager/pkg/manager/vault_secret_manager.go:224.2,226.12 2 1
vaultConfigManager/pkg/manager/vault_secret_manager.go:232.85,237.16 3 1
vaultConfigManager/pkg/manager/vault_secret_manager.go:237.16,240.3 2 0
vaultConfigManager/pkg/manager/vault_secret_manager.go:242.2,242.55 1 1
vaultConfigManager/pkg/manager/vault_secret_manager.go:242.55,244.3 1 1
vaultConfigManager/pkg/manager/vault_secret_manager.go:246.2,247.33 2 1
vaultConfigManager/pkg/manager/vault_secret_manager.go:247.33,250.3 2 0
vaultConfigManager/pkg/manager/vault_secret_manager.go:252.2,252.31 1 1
vaultConfigManager/pkg/manager/vault_secret_manager.go:252.31,254.19 1 1
vaultConfigManager/pkg/manager/vault_secret_manager.go:255.20,258.18 2 0
vaultConfigManager/pkg/manager/vault_secret_manager.go:258.18,261.5 2 0
vaultConfigManager/pkg/manager/vault_secret_manager.go:262.11,264.111 2 1
vaultConfigManager/pkg/manager/vault_secret_manager.go:268.2,268.31 1 1
vaultConfigManager/pkg/manager/vault_secret_manager.go:271.74,276.34 4 1
vaultConfigManager/pkg/manager/vault_secret_manager.go:276.34,278.3 1 1
vaultConfigManager/pkg/manager/vault_secret_manager.go:281.85,284.45 3 1
vaultConfigManager/pkg/manager/vault_secret_manager.go:284.45,287.10 2 1
vaultConfigManager/pkg/manager/vault_secret_manager.go:287.10,290.4 2 0
vaultConfigManager/pkg/manager/vault_secret_manager.go:292.3,292.23 1 1
vaultConfigManager/pkg/manager/vault_secret_manager.go:294.2,294.27 1 1
vaultConfigManager/pkg/manager/vault_secret_manager.go:297.81,300.45 3 1
vaultConfigManager/pkg/manager/vault_secret_manager.go:300.45,302.10 2 1
vaultConfigManager/pkg/manager/vault_secret_manager.go:302.10,305.4 2 1
vaultConfigManager/pkg/manager/vault_secret_manager.go:306.3,306.22 1 1
vaultConfigManager/pkg/manager/vault_secret_manager.go:308.2,308.30 1 1
vaultConfigManager/pkg/manager/vault_secret_manager.go:311.79,314.45 3 0
vaultConfigManager/pkg/manager/vault_secret_manager.go:314.45,317.23 2 0
vaultConfigManager/pkg/manager/vault_secret_manager.go:318.16,319.33 1 0
vaultConfigManager/pkg/manager/vault_secret_manager.go:320.12,321.24 1 0
vaultConfigManager/pkg/manager/vault_secret_manager.go:322.11,324.37 2 0
vaultConfigManager/pkg/manager/vault_secret_manager.go:327.3,327.21 1 0
vaultConfigManager/pkg/manager/vault_secret_manager.go:329.2,329.26 1 0
vaultConfigManager/pkg/manager/vault_secret_manager.go:332.87,335.45 3 0
vaultConfigManager/pkg/manager/vault_secret_manager.go:335.45,337.10 2 0
vaultConfigManager/pkg/manager/vault_secret_manager.go:337.10,340.4 2 0
vaultConfigManager/pkg/manager/vault_secret_manager.go:341.3,341.23 1 0
vaultConfigManager/pkg/manager/vault_secret_manager.go:343.2,343.26 1 0
vaultConfigManager/pkg/manager/vault_secret_manager.go:346.52,349.2 2 1
vaultConfigManager/pkg/manager/vault_secret_manager.go:351.45,356.2 3 1
vaultConfigManager/pkg/manager/vault_secret_manager.go:358.54,363.30 4 0
vaultConfigManager/pkg/manager/vault_secret_manager.go:363.30,365.3 1 0
vaultConfigManager/pkg/manager/vault_secret_manager.go:367.2,367.18 1 0
vaultConfigManager/pkg/manager/vault_secret_manager.go:370.80,374.6 3 0
vaultConfigManager/pkg/manager/vault_secret_manager.go:374.6,378.39 3 0
vaultConfigManager/pkg/manager/vault_secret_manager.go:378.39,380.12 2 0
vaultConfigManager/pkg/manager/vault_secret_manager.go:383.3,383.52 1 0
vaultConfigManager/pkg/manager/vault_secret_manager.go:383.52,384.12 1 0
vaultConfigManager/pkg/manager/vault_secret_manager.go:387.3,390.28 3 0
vaultConfigManager/pkg/manager/vault_secret_manager.go:394.68,396.2 1 0
vaultConfigManager/pkg/manager/vault_secret_manager.go:399.44,400.24 1 1
vaultConfigManager/pkg/manager/vault_secret_manager.go:400.24,401.35 1 1
vaultConfigManager/pkg/manager/vault_secret_manager.go:401.35,403.4 1 1
vaultConfigManager/pkg/manager/vault_secret_manager.go:407.56,408.34 1 0
vaultConfigManager/pkg/manager/vault_secret_manager.go:408.34,410.3 1 0
vaultConfigManager/pkg/manager/vault_secret_manager.go:412.2,412.29 1 0
vaultConfigManager/pkg/manager/vault_secret_manager.go:412.29,413.62 1 0
vaultConfigManager/pkg/manager/vault_secret_manager.go:413.62,415.4 1 0
vaultConfigManager/pkg/manager/vault_secret_manager.go:418.2,418.14 1 0
